<?xml version="1.0" encoding="UTF-8"?>
<!-- Generated by org.testng.reporters.JUnitXMLReporter -->
<testsuite hostname="DESKTOP-EG5S4JD" failures="1" tests="2" name="Validate-priorities_in_test_NG" time="7.894" errors="0" timestamp="27 Jan 2021 02:53:44 GMT">
  <testcase classname="mvn.PrioritiesInTestNG" name="launchGoogle" time="3.444"/>
  <testcase classname="mvn.PrioritiesInTestNG" name="peformSeachAndClick1stLink" time="0.132">
    <failure type="java.lang.AssertionError" message="Purposefully failing it expected [true] but found [false]">
      <![CDATA[java.lang.AssertionError: Purposefully failing it expected [true] but found [false]
	at mvn.PrioritiesInTestNG.peformSeachAndClick1stLink(PrioritiesInTestNG.java:38)
	at org.apache.maven.surefire.testng.TestNGExecutor.run(TestNGExecutor.java:283)
	at org.apache.maven.surefire.testng.TestNGXmlTestSuite.execute(TestNGXmlTestSuite.java:75)
	at org.apache.maven.surefire.testng.TestNGProvider.invoke(TestNGProvider.java:120)
	at org.apache.maven.surefire.booter.ForkedBooter.invokeProviderInSameClassLoader(ForkedBooter.java:384)
	at org.apache.maven.surefire.booter.ForkedBooter.runSuitesInProcess(ForkedBooter.java:345)
	at org.apache.maven.surefire.booter.ForkedBooter.execute(ForkedBooter.java:126)
	at org.apache.maven.surefire.booter.ForkedBooter.main(ForkedBooter.java:418)
... Removed 24 stack frames]]>
    </failure>
  </testcase> <!-- peformSeachAndClick1stLink -->
</testsuite> <!-- Validate-priorities_in_test_NG -->
