<?xml version="1.0" encoding="UTF-8"?>
<testng-results total="5" passed="4" failed="1" skipped="0">
  <reporter-output>
  </reporter-output>
  <suite started-at="2021-01-27T02:52:50Z" name="SeleniumFirstProject" finished-at="2021-01-27T02:53:44Z" duration-ms="54847">
    <groups>
    </groups>
    <test started-at="2021-01-27T02:52:50Z" name="Validate-navigate-to-google" finished-at="2021-01-27T02:53:09Z" duration-ms="19330">
      <class name="mvn.NavigateToGoogle">
        <test-method is-config="true" signature="InitiateWebDriver()[pri:0, instance:mvn.NavigateToGoogle@687e99d8]" started-at="2021-01-27T08:22:50Z" name="InitiateWebDriver" finished-at="2021-01-27T08:22:54Z" duration-ms="4086" status="PASS">
          <reporter-output>
          </reporter-output>
        </test-method> <!-- InitiateWebDriver -->
        <test-method signature="SearchGoogle()[pri:0, instance:mvn.NavigateToGoogle@687e99d8]" started-at="2021-01-27T08:22:54Z" name="SearchGoogle" finished-at="2021-01-27T08:23:08Z" duration-ms="14190" status="PASS">
          <reporter-output>
          </reporter-output>
        </test-method> <!-- SearchGoogle -->
        <test-method signature="HelloWorld()[pri:0, instance:mvn.NavigateToGoogle@687e99d8]" started-at="2021-01-27T08:23:08Z" name="HelloWorld" finished-at="2021-01-27T08:23:08Z" duration-ms="1" status="PASS">
          <reporter-output>
          </reporter-output>
        </test-method> <!-- HelloWorld -->
        <test-method is-config="true" signature="CloseWebDriver()[pri:0, instance:mvn.NavigateToGoogle@687e99d8]" started-at="2021-01-27T08:23:08Z" name="CloseWebDriver" finished-at="2021-01-27T08:23:09Z" duration-ms="1042" status="PASS">
          <reporter-output>
          </reporter-output>
        </test-method> <!-- CloseWebDriver -->
      </class> <!-- mvn.NavigateToGoogle -->
    </test> <!-- Validate-navigate-to-google -->
    <test started-at="2021-01-27T02:53:09Z" name="Validate-The-Valid-Login" finished-at="2021-01-27T02:53:37Z" duration-ms="27526">
      <class name="mvn.AutomateMoodle">
        <test-method is-config="true" signature="InitiateWebDriver()[pri:0, instance:mvn.AutomateMoodle@76ed1b7c]" started-at="2021-01-27T08:23:09Z" name="InitiateWebDriver" finished-at="2021-01-27T08:23:13Z" duration-ms="3544" status="PASS">
          <reporter-output>
          </reporter-output>
        </test-method> <!-- InitiateWebDriver -->
        <test-method signature="validateLogInToMoodleWithValidCredential()[pri:0, instance:mvn.AutomateMoodle@76ed1b7c]" started-at="2021-01-27T08:23:13Z" name="validateLogInToMoodleWithValidCredential" finished-at="2021-01-27T08:23:35Z" duration-ms="22951" status="PASS">
          <reporter-output>
          </reporter-output>
        </test-method> <!-- validateLogInToMoodleWithValidCredential -->
        <test-method is-config="true" signature="CloseWebDriver()[pri:0, instance:mvn.AutomateMoodle@76ed1b7c]" started-at="2021-01-27T08:23:35Z" name="CloseWebDriver" finished-at="2021-01-27T08:23:37Z" duration-ms="1031" status="PASS">
          <reporter-output>
          </reporter-output>
        </test-method> <!-- CloseWebDriver -->
      </class> <!-- mvn.AutomateMoodle -->
    </test> <!-- Validate-The-Valid-Login -->
    <test started-at="2021-01-27T02:53:37Z" name="Validate-priorities_in_test_NG" finished-at="2021-01-27T02:53:44Z" duration-ms="7894">
      <class name="mvn.PrioritiesInTestNG">
        <test-method is-config="true" signature="InitiateWebDriver()[pri:0, instance:mvn.PrioritiesInTestNG@fd07cbb]" started-at="2021-01-27T08:23:37Z" name="InitiateWebDriver" finished-at="2021-01-27T08:23:40Z" duration-ms="3494" status="PASS">
          <reporter-output>
          </reporter-output>
        </test-method> <!-- InitiateWebDriver -->
        <test-method signature="launchGoogle()[pri:0, instance:mvn.PrioritiesInTestNG@fd07cbb]" started-at="2021-01-27T08:23:40Z" name="launchGoogle" finished-at="2021-01-27T08:23:43Z" duration-ms="3444" status="PASS">
          <reporter-output>
          </reporter-output>
        </test-method> <!-- launchGoogle -->
        <test-method signature="peformSeachAndClick1stLink()[pri:0, instance:mvn.PrioritiesInTestNG@fd07cbb]" started-at="2021-01-27T08:23:43Z" name="peformSeachAndClick1stLink" finished-at="2021-01-27T08:23:44Z" duration-ms="132" status="FAIL">
          <exception class="java.lang.AssertionError">
            <message>
              <![CDATA[Purposefully failing it expected [true] but found [false]]]>
            </message>
            <full-stacktrace>
              <![CDATA[java.lang.AssertionError: Purposefully failing it expected [true] but found [false]
	at org.testng.Assert.fail(Assert.java:94)
	at org.testng.Assert.failNotEquals(Assert.java:494)
	at org.testng.Assert.assertTrue(Assert.java:42)
	at mvn.PrioritiesInTestNG.peformSeachAndClick1stLink(PrioritiesInTestNG.java:38)
	at java.base/jdk.internal.reflect.NativeMethodAccessorImpl.invoke0(Native Method)
	at java.base/jdk.internal.reflect.NativeMethodAccessorImpl.invoke(NativeMethodAccessorImpl.java:62)
	at java.base/jdk.internal.reflect.DelegatingMethodAccessorImpl.invoke(DelegatingMethodAccessorImpl.java:43)
	at java.base/java.lang.reflect.Method.invoke(Method.java:566)
	at org.testng.internal.MethodInvocationHelper.invokeMethod(MethodInvocationHelper.java:80)
	at org.testng.internal.Invoker.invokeMethod(Invoker.java:714)
	at org.testng.internal.Invoker.invokeTestMethod(Invoker.java:901)
	at org.testng.internal.Invoker.invokeTestMethods(Invoker.java:1231)
	at org.testng.internal.TestMethodWorker.invokeTestMethods(TestMethodWorker.java:127)
	at org.testng.internal.TestMethodWorker.run(TestMethodWorker.java:111)
	at org.testng.TestRunner.privateRun(TestRunner.java:767)
	at org.testng.TestRunner.run(TestRunner.java:617)
	at org.testng.SuiteRunner.runTest(SuiteRunner.java:334)
	at org.testng.SuiteRunner.runSequentially(SuiteRunner.java:329)
	at org.testng.SuiteRunner.privateRun(SuiteRunner.java:291)
	at org.testng.SuiteRunner.run(SuiteRunner.java:240)
	at org.testng.SuiteRunnerWorker.runSuite(SuiteRunnerWorker.java:52)
	at org.testng.SuiteRunnerWorker.run(SuiteRunnerWorker.java:86)
	at org.testng.TestNG.runSuitesSequentially(TestNG.java:1198)
	at org.testng.TestNG.runSuitesLocally(TestNG.java:1123)
	at org.testng.TestNG.run(TestNG.java:1031)
	at org.apache.maven.surefire.testng.TestNGExecutor.run(TestNGExecutor.java:283)
	at org.apache.maven.surefire.testng.TestNGXmlTestSuite.execute(TestNGXmlTestSuite.java:75)
	at org.apache.maven.surefire.testng.TestNGProvider.invoke(TestNGProvider.java:120)
	at org.apache.maven.surefire.booter.ForkedBooter.invokeProviderInSameClassLoader(ForkedBooter.java:384)
	at org.apache.maven.surefire.booter.ForkedBooter.runSuitesInProcess(ForkedBooter.java:345)
	at org.apache.maven.surefire.booter.ForkedBooter.execute(ForkedBooter.java:126)
	at org.apache.maven.surefire.booter.ForkedBooter.main(ForkedBooter.java:418)
]]>
            </full-stacktrace>
          </exception> <!-- java.lang.AssertionError -->
          <reporter-output>
          </reporter-output>
        </test-method> <!-- peformSeachAndClick1stLink -->
        <test-method is-config="true" signature="CloseWebDriver()[pri:0, instance:mvn.PrioritiesInTestNG@fd07cbb]" started-at="2021-01-27T08:23:44Z" name="CloseWebDriver" finished-at="2021-01-27T08:23:44Z" duration-ms="818" status="PASS">
          <reporter-output>
          </reporter-output>
        </test-method> <!-- CloseWebDriver -->
      </class> <!-- mvn.PrioritiesInTestNG -->
    </test> <!-- Validate-priorities_in_test_NG -->
  </suite> <!-- SeleniumFirstProject -->
</testng-results>
